Using pre-set license
Built from '2020.3/staging' branch; Version is '2020.3.11f1 (99c7afb366b3) revision 10078127'; Using compiler version '192528614'; Build Type 'Release'
OS: 'Windows 10 Home; OS build 19044.1706; Version 2009; 64bit' Language: 'en' Physical Memory: 16235 MB
BatchMode: 1, IsHumanControllingUs: 0, StartBugReporterOnCrash: 0, Is64bit: 1, IsPro: 0

 COMMAND LINE ARGUMENTS:
D:\Unity\Editors\2020.3.11f1\Editor\Unity.exe
-adb2
-batchMode
-noUpm
-name
AssetImportWorker0
-projectPath
D:/unity_projects/ShaderPractice2
-logFile
Logs/AssetImportWorker0.log
-srvPort
49575
Successfully changed project path to: D:/unity_projects/ShaderPractice2
D:/unity_projects/ShaderPractice2
Using Asset Import Pipeline V2.
Refreshing native plugins compatible for Editor in 67.56 ms, found 2 plugins.
Preloading 0 native plugins for Editor in 0.00 ms.
Initialize engine version: 2020.3.11f1 (99c7afb366b3)
[Subsystems] Discovering subsystems at path D:/Unity/Editors/2020.3.11f1/Editor/Data/Resources/UnitySubsystems
[Subsystems] Discovering subsystems at path D:/unity_projects/ShaderPractice2/Assets
GfxDevice: creating device client; threaded=0
Direct3D:
    Version:  Direct3D 11.0 [level 11.1]
    Renderer: NVIDIA GeForce GTX 1060 (ID=0x1c20)
    Vendor:   
    VRAM:     6052 MB
    Driver:   30.0.14.9709
Initialize mono
Mono path[0] = 'D:/Unity/Editors/2020.3.11f1/Editor/Data/Managed'
Mono path[1] = 'D:/Unity/Editors/2020.3.11f1/Editor/Data/MonoBleedingEdge/lib/mono/unityjit'
Mono config path = 'D:/Unity/Editors/2020.3.11f1/Editor/Data/MonoBleedingEdge/etc'
Using monoOptions --debugger-agent=transport=dt_socket,embedding=1,server=y,suspend=n,address=127.0.0.1:56980
Begin MonoManager ReloadAssembly
Registering precompiled unity dll's ...
Register platform support module: D:/Unity/Editors/2020.3.11f1/Editor/Data/PlaybackEngines/WebGLSupport/UnityEditor.WebGL.Extensions.dll
Register platform support module: D:/Unity/Editors/2020.3.11f1/Editor/Data/PlaybackEngines/MacStandaloneSupport/UnityEditor.OSXStandalone.Extensions.dll
Register platform support module: D:/Unity/Editors/2020.3.11f1/Editor/Data/PlaybackEngines/WindowsStandaloneSupport/UnityEditor.WindowsStandalone.Extensions.dll
Registered in 0.003226 seconds.
Native extension for WindowsStandalone target not found
Native extension for OSXStandalone target not found
Native extension for WebGL target not found
Refreshing native plugins compatible for Editor in 59.04 ms, found 2 plugins.
Preloading 0 native plugins for Editor in 0.00 ms.
Mono: successfully reloaded assembly
- Completed reload, in  2.459 seconds
Platform modules already initialized, skipping
Registering precompiled user dll's ...
Registered in 0.011549 seconds.
Begin MonoManager ReloadAssembly
Native extension for WindowsStandalone target not found
Native extension for OSXStandalone target not found
Native extension for WebGL target not found
Refreshing native plugins compatible for Editor in 0.59 ms, found 2 plugins.
Preloading 0 native plugins for Editor in 0.00 ms.
Mono: successfully reloaded assembly
- Completed reload, in  2.814 seconds
Platform modules already initialized, skipping
========================================================================
Worker process is ready to serve import requests
Launched and connected shader compiler UnityShaderCompiler.exe after 0.14 seconds
Refreshing native plugins compatible for Editor in 2.03 ms, found 2 plugins.
Preloading 0 native plugins for Editor in 0.00 ms.
Unloading 1415 Unused Serialized files (Serialized files now loaded: 0)
System memory in use before: 68.8 MB.
System memory in use after: 68.8 MB.

Unloading 18 unused Assets to reduce memory usage. Loaded Objects now: 1854.
Total: 15.795000 ms (FindLiveObjects: 2.648900 ms CreateObjectMapping: 0.740200 ms MarkObjects: 11.768900 ms  DeleteObjects: 0.623400 ms)

========================================================================
Received Import Request.
  path: Assets/RayMarching/Scripts/RayMarchingTut.shader
  artifactKey: Guid(400c8698a308b6e43980ee0b276f3603) Importer(815301076,1909f56bfc062723c751e8b465ee728b)
Start importing Assets/RayMarching/Scripts/RayMarchingTut.shader using Guid(400c8698a308b6e43980ee0b276f3603) Importer(815301076,1909f56bfc062723c751e8b465ee728b)  -> (artifact id: '73ec1312ff05c5784405ea69f23fb1f1') in 0.123262 seconds
  Import took 0.139839 seconds .

========================================================================
Received Import Request.
  Time since last request: 406.169838 seconds.
  path: Assets/RayMarching/Scripts/RayMarchingTut.shader
  artifactKey: Guid(400c8698a308b6e43980ee0b276f3603) Importer(815301076,1909f56bfc062723c751e8b465ee728b)
Start importing Assets/RayMarching/Scripts/RayMarchingTut.shader using Guid(400c8698a308b6e43980ee0b276f3603) Importer(815301076,1909f56bfc062723c751e8b465ee728b)  -> (artifact id: 'c6176e448f9f1ac4218ca01e63fb96a6') in 0.015369 seconds
  Import took 0.021715 seconds .

========================================================================
Received Import Request.
  Time since last request: 7.156717 seconds.
  path: Assets/RayMarching/Scripts/RayMarchingTut.shader
  artifactKey: Guid(400c8698a308b6e43980ee0b276f3603) Importer(815301076,1909f56bfc062723c751e8b465ee728b)
Start importing Assets/RayMarching/Scripts/RayMarchingTut.shader using Guid(400c8698a308b6e43980ee0b276f3603) Importer(815301076,1909f56bfc062723c751e8b465ee728b)  -> (artifact id: '3e83ce93fdb1286aa2353491c9c0166b') in 0.006962 seconds
  Import took 0.013702 seconds .

========================================================================
Received Import Request.
  Time since last request: 6.597515 seconds.
  path: Assets/RayMarching/Scripts/RayMarchingTut.shader
  artifactKey: Guid(400c8698a308b6e43980ee0b276f3603) Importer(815301076,1909f56bfc062723c751e8b465ee728b)
Start importing Assets/RayMarching/Scripts/RayMarchingTut.shader using Guid(400c8698a308b6e43980ee0b276f3603) Importer(815301076,1909f56bfc062723c751e8b465ee728b)  -> (artifact id: 'd3a4a3d3d937ac4f01a31122bb8dad2e') in 0.005797 seconds
  Import took 0.010666 seconds .

========================================================================
Received Import Request.
  Time since last request: 515.497254 seconds.
  path: Assets/RayMarching/Scripts/RayMarchingTut.shader
  artifactKey: Guid(400c8698a308b6e43980ee0b276f3603) Importer(815301076,1909f56bfc062723c751e8b465ee728b)
Start importing Assets/RayMarching/Scripts/RayMarchingTut.shader using Guid(400c8698a308b6e43980ee0b276f3603) Importer(815301076,1909f56bfc062723c751e8b465ee728b)  -> (artifact id: '35d78efa2c46a854f87116a37e8b4b44') in 0.013869 seconds
  Import took 0.019257 seconds .

========================================================================
Received Import Request.
  Time since last request: 51.075736 seconds.
  path: Assets/RayMarching/Scripts/RayMarchingTut.shader
  artifactKey: Guid(400c8698a308b6e43980ee0b276f3603) Importer(815301076,1909f56bfc062723c751e8b465ee728b)
Start importing Assets/RayMarching/Scripts/RayMarchingTut.shader using Guid(400c8698a308b6e43980ee0b276f3603) Importer(815301076,1909f56bfc062723c751e8b465ee728b)  -> (artifact id: 'e121757a3e6bd86325d7aa283b7df27f') in 0.006736 seconds
  Import took 0.011867 seconds .

========================================================================
Received Prepare
Registering precompiled user dll's ...
Registered in 0.006004 seconds.
Begin MonoManager ReloadAssembly
Native extension for WindowsStandalone target not found
Native extension for OSXStandalone target not found
Native extension for WebGL target not found
Refreshing native plugins compatible for Editor in 0.90 ms, found 2 plugins.
Preloading 0 native plugins for Editor in 0.00 ms.
Mono: successfully reloaded assembly
- Completed reload, in  2.503 seconds
Platform modules already initialized, skipping
Refreshing native plugins compatible for Editor in 0.58 ms, found 2 plugins.
Preloading 0 native plugins for Editor in 0.00 ms.
Unloading 1400 Unused Serialized files (Serialized files now loaded: 0)
System memory in use before: 67.7 MB.
System memory in use after: 67.8 MB.

Unloading 13 unused Assets to reduce memory usage. Loaded Objects now: 1857.
Total: 2.926000 ms (FindLiveObjects: 0.224400 ms CreateObjectMapping: 0.076700 ms MarkObjects: 2.594800 ms  DeleteObjects: 0.028600 ms)

========================================================================
Received Import Request.
  Time since last request: 619.415397 seconds.
  path: Assets/RayMarching/Scripts/RayMarchingTut.shader
  artifactKey: Guid(400c8698a308b6e43980ee0b276f3603) Importer(815301076,1909f56bfc062723c751e8b465ee728b)
Start importing Assets/RayMarching/Scripts/RayMarchingTut.shader using Guid(400c8698a308b6e43980ee0b276f3603) Importer(815301076,1909f56bfc062723c751e8b465ee728b)  -> (artifact id: '420b395be534afa42302e429724cbdd8') in 0.044793 seconds
  Import took 0.051218 seconds .

========================================================================
Received Import Request.
  Time since last request: 0.036114 seconds.
  path: Assets/RayMarching/Scripts/RayMarchingTut.shader
  artifactKey: Guid(400c8698a308b6e43980ee0b276f3603) Importer(815301076,1909f56bfc062723c751e8b465ee728b)
Start importing Assets/RayMarching/Scripts/RayMarchingTut.shader using Guid(400c8698a308b6e43980ee0b276f3603) Importer(815301076,1909f56bfc062723c751e8b465ee728b)  -> (artifact id: '420b395be534afa42302e429724cbdd8') in 0.004627 seconds
  Import took 0.009931 seconds .

========================================================================
Received Import Request.
  Time since last request: 40.906419 seconds.
  path: Assets/RayMarching/Scripts/RayMarchingTut.shader
  artifactKey: Guid(400c8698a308b6e43980ee0b276f3603) Importer(815301076,1909f56bfc062723c751e8b465ee728b)
Start importing Assets/RayMarching/Scripts/RayMarchingTut.shader using Guid(400c8698a308b6e43980ee0b276f3603) Importer(815301076,1909f56bfc062723c751e8b465ee728b)  -> (artifact id: 'd596f7b1d4e310011c9be692a0cbf78d') in 0.005755 seconds
  Import took 0.010152 seconds .

========================================================================
Received Import Request.
  Time since last request: 35.528464 seconds.
  path: Assets/RayMarching/Scripts/RayMarchingTut.shader
  artifactKey: Guid(400c8698a308b6e43980ee0b276f3603) Importer(815301076,1909f56bfc062723c751e8b465ee728b)
Start importing Assets/RayMarching/Scripts/RayMarchingTut.shader using Guid(400c8698a308b6e43980ee0b276f3603) Importer(815301076,1909f56bfc062723c751e8b465ee728b)  -> (artifact id: '9d978ca8c18087ef0a16fe161b660bd5') in 0.006243 seconds
  Import took 0.010962 seconds .

========================================================================
Received Import Request.
  Time since last request: 432.953085 seconds.
  path: Assets/RayMarching/Scripts/RayMarchingTut.shader
  artifactKey: Guid(400c8698a308b6e43980ee0b276f3603) Importer(815301076,1909f56bfc062723c751e8b465ee728b)
Start importing Assets/RayMarching/Scripts/RayMarchingTut.shader using Guid(400c8698a308b6e43980ee0b276f3603) Importer(815301076,1909f56bfc062723c751e8b465ee728b)  -> (artifact id: '63be6ef3e0b5edcbf84d54bbd5e080fa') in 0.012674 seconds
  Import took 0.017923 seconds .

========================================================================
Received Import Request.
  Time since last request: 411.918065 seconds.
  path: Assets/RayMarching/Scripts/RayMarchingTut.shader
  artifactKey: Guid(400c8698a308b6e43980ee0b276f3603) Importer(815301076,1909f56bfc062723c751e8b465ee728b)
Start importing Assets/RayMarching/Scripts/RayMarchingTut.shader using Guid(400c8698a308b6e43980ee0b276f3603) Importer(815301076,1909f56bfc062723c751e8b465ee728b)  -> (artifact id: 'c786c91bfef409c79d830ecdd91f056e') in 0.015917 seconds
  Import took 0.021448 seconds .

========================================================================
Received Import Request.
  Time since last request: 4.564079 seconds.
  path: Assets/RayMarching/Scripts/RayMarchingTut.shader
  artifactKey: Guid(400c8698a308b6e43980ee0b276f3603) Importer(815301076,1909f56bfc062723c751e8b465ee728b)
Start importing Assets/RayMarching/Scripts/RayMarchingTut.shader using Guid(400c8698a308b6e43980ee0b276f3603) Importer(815301076,1909f56bfc062723c751e8b465ee728b)  -> (artifact id: '44573d8aed93ee2b472b709af707632f') in 0.005369 seconds
  Import took 0.012030 seconds .

========================================================================
Received Import Request.
  Time since last request: 80.809510 seconds.
  path: Assets/RayMarching/Scripts/RayMarchingTut.shader
  artifactKey: Guid(400c8698a308b6e43980ee0b276f3603) Importer(815301076,1909f56bfc062723c751e8b465ee728b)
Start importing Assets/RayMarching/Scripts/RayMarchingTut.shader using Guid(400c8698a308b6e43980ee0b276f3603) Importer(815301076,1909f56bfc062723c751e8b465ee728b)  -> (artifact id: 'e2495e50995c39c4208df783bfb4aa82') in 0.013092 seconds
  Import took 0.018257 seconds .

AssetImportWorkerClient::OnTransportError - code=2 error=End of file
